# JRE version: OpenJDK Runtime Environment (8.0_202-b03) (build 1.8.0_202-release-1483-b03)
# Java VM: OpenJDK 64-Bit Server VM (25.202-b03 mixed mode windows-amd64 compressed oops)
Heap:
 PSYoungGen      total 135680K, used 64671K [0x00000000e0000000, 0x00000000ead00000, 0x0000000100000000)
  eden space 122368K, 43% used [0x00000000e0000000,0x00000000e342bc80,0x00000000e7780000)
  from space 13312K, 84% used [0x00000000e7780000,0x00000000e827bf98,0x00000000e8480000)
  to   space 13824K, 0% used [0x00000000e9f80000,0x00000000e9f80000,0x00000000ead00000)
 ParOldGen       total 89088K, used 25969K [0x00000000a0000000, 0x00000000a5700000, 0x00000000e0000000)
  object space 89088K, 29% used [0x00000000a0000000,0x00000000a195c558,0x00000000a5700000)
 Metaspace       used 54731K, capacity 56410K, committed 56704K, reserved 1097728K
  class space    used 7501K, capacity 7959K, committed 8064K, reserved 1048576K
GC Heap History (10 events):
Event: 7.919 GC heap before
{Heap before GC invocations=9 (full 1):
 PSYoungGen      total 71168K, used 67893K [0x00000000e0000000, 0x00000000e6f00000, 0x0000000100000000)
  eden space 60416K, 100% used [0x00000000e0000000,0x00000000e3b00000,0x00000000e3b00000)
  from space 10752K, 69% used [0x00000000e3b00000,0x00000000e424d5b8,0x00000000e4580000)
  to   space 10752K, 0% used [0x00000000e6480000,0x00000000e6480000,0x00000000e6f00000)
 ParOldGen       total 59392K, used 9092K [0x00000000a0000000, 0x00000000a3a00000, 0x00000000e0000000)
  object space 59392K, 15% used [0x00000000a0000000,0x00000000a08e1320,0x00000000a3a00000)
 Metaspace       used 30588K, capacity 31080K, committed 31360K, reserved 1077248K
  class space    used 4252K, capacity 4440K, committed 4480K, reserved 1048576K
Event: 7.931 GC heap after
Heap after GC invocations=9 (full 1):
 PSYoungGen      total 101888K, used 9597K [0x00000000e0000000, 0x00000000e7800000, 0x0000000100000000)
  eden space 91136K, 0% used [0x00000000e0000000,0x00000000e0000000,0x00000000e5900000)
  from space 10752K, 89% used [0x00000000e6480000,0x00000000e6ddf618,0x00000000e6f00000)
  to   space 11776K, 0% used [0x00000000e5900000,0x00000000e5900000,0x00000000e6480000)
 ParOldGen       total 59392K, used 9100K [0x00000000a0000000, 0x00000000a3a00000, 0x00000000e0000000)
  object space 59392K, 15% used [0x00000000a0000000,0x00000000a08e3320,0x00000000a3a00000)
 Metaspace       used 30588K, capacity 31080K, committed 31360K, reserved 1077248K
  class space    used 4252K, capacity 4440K, committed 4480K, reserved 1048576K
}
Event: 8.694 GC heap before
{Heap before GC invocations=10 (full 1):
 PSYoungGen      total 101888K, used 34652K [0x00000000e0000000, 0x00000000e7800000, 0x0000000100000000)
  eden space 91136K, 27% used [0x00000000e0000000,0x00000000e1877b28,0x00000000e5900000)
  from space 10752K, 89% used [0x00000000e6480000,0x00000000e6ddf618,0x00000000e6f00000)
  to   space 11776K, 0% used [0x00000000e5900000,0x00000000e5900000,0x00000000e6480000)
 ParOldGen       total 59392K, used 9100K [0x00000000a0000000, 0x00000000a3a00000, 0x00000000e0000000)
  object space 59392K, 15% used [0x00000000a0000000,0x00000000a08e3320,0x00000000a3a00000)
 Metaspace       used 34742K, capacity 35288K, committed 35416K, reserved 1079296K
  class space    used 4774K, capacity 4973K, committed 4992K, reserved 1048576K
Event: 8.704 GC heap after
Heap after GC invocations=10 (full 1):
 PSYoungGen      total 102912K, used 7363K [0x00000000e0000000, 0x00000000e9180000, 0x0000000100000000)
  eden space 91136K, 0% used [0x00000000e0000000,0x00000000e0000000,0x00000000e5900000)
  from space 11776K, 62% used [0x00000000e5900000,0x00000000e6030e88,0x00000000e6480000)
  to   space 11264K, 0% used [0x00000000e8680000,0x00000000e8680000,0x00000000e9180000)
 ParOldGen       total 59392K, used 11368K [0x00000000a0000000, 0x00000000a3a00000, 0x00000000e0000000)
  object space 59392K, 19% used [0x00000000a0000000,0x00000000a0b1a390,0x00000000a3a00000)
 Metaspace       used 34742K, capacity 35288K, committed 35416K, reserved 1079296K
  class space    used 4774K, capacity 4973K, committed 4992K, reserved 1048576K
}
Event: 8.704 GC heap before
{Heap before GC invocations=11 (full 2):
 PSYoungGen      total 102912K, used 7363K [0x00000000e0000000, 0x00000000e9180000, 0x0000000100000000)
  eden space 91136K, 0% used [0x00000000e0000000,0x00000000e0000000,0x00000000e5900000)
  from space 11776K, 62% used [0x00000000e5900000,0x00000000e6030e88,0x00000000e6480000)
  to   space 11264K, 0% used [0x00000000e8680000,0x00000000e8680000,0x00000000e9180000)
 ParOldGen       total 59392K, used 11368K [0x00000000a0000000, 0x00000000a3a00000, 0x00000000e0000000)
  object space 59392K, 19% used [0x00000000a0000000,0x00000000a0b1a390,0x00000000a3a00000)
 Metaspace       used 34742K, capacity 35288K, committed 35416K, reserved 1079296K
  class space    used 4774K, capacity 4973K, committed 4992K, reserved 1048576K
Event: 8.769 GC heap after
Heap after GC invocations=11 (full 2):
 PSYoungGen      total 102912K, used 0K [0x00000000e0000000, 0x00000000e9180000, 0x0000000100000000)
  eden space 91136K, 0% used [0x00000000e0000000,0x00000000e0000000,0x00000000e5900000)
  from space 11776K, 0% used [0x00000000e5900000,0x00000000e5900000,0x00000000e6480000)
  to   space 11264K, 0% used [0x00000000e8680000,0x00000000e8680000,0x00000000e9180000)
 ParOldGen       total 89088K, used 16401K [0x00000000a0000000, 0x00000000a5700000, 0x00000000e0000000)
  object space 89088K, 18% used [0x00000000a0000000,0x00000000a1004770,0x00000000a5700000)
 Metaspace       used 34742K, capacity 35288K, committed 35416K, reserved 1079296K
  class space    used 4774K, capacity 4973K, committed 4992K, reserved 1048576K
}
Event: 10.493 GC heap before
{Heap before GC invocations=12 (full 2):
 PSYoungGen      total 102912K, used 91136K [0x00000000e0000000, 0x00000000e9180000, 0x0000000100000000)
  eden space 91136K, 100% used [0x00000000e0000000,0x00000000e5900000,0x00000000e5900000)
  from space 11776K, 0% used [0x00000000e5900000,0x00000000e5900000,0x00000000e6480000)
  to   space 11264K, 0% used [0x00000000e8680000,0x00000000e8680000,0x00000000e9180000)
 ParOldGen       total 89088K, used 16401K [0x00000000a0000000, 0x00000000a5700000, 0x00000000e0000000)
  object space 89088K, 18% used [0x00000000a0000000,0x00000000a1004770,0x00000000a5700000)
 Metaspace       used 41904K, capacity 42658K, committed 42880K, reserved 1085440K
  class space    used 5660K, capacity 5921K, committed 6016K, reserved 1048576K
Event: 10.506 GC heap after
Heap after GC invocations=12 (full 2):
 PSYoungGen      total 128512K, used 11258K [0x00000000e0000000, 0x00000000e9180000, 0x0000000100000000)
  eden space 117248K, 0% used [0x00000000e0000000,0x00000000e0000000,0x00000000e7280000)
  from space 11264K, 99% used [0x00000000e8680000,0x00000000e917eb78,0x00000000e9180000)
  to   space 13312K, 0% used [0x00000000e7780000,0x00000000e7780000,0x00000000e8480000)
 ParOldGen       total 89088K, used 18203K [0x00000000a0000000, 0x00000000a5700000, 0x00000000e0000000)
  object space 89088K, 20% used [0x00000000a0000000,0x00000000a11c6df0,0x00000000a5700000)
 Metaspace       used 41904K, capacity 42658K, committed 42880K, reserved 1085440K
  class space    used 5660K, capacity 5921K, committed 6016K, reserved 1048576K
}
Event: 12.575 GC heap before
{Heap before GC invocations=13 (full 2):
 PSYoungGen      total 128512K, used 128506K [0x00000000e0000000, 0x00000000e9180000, 0x0000000100000000)
  eden space 117248K, 100% used [0x00000000e0000000,0x00000000e7280000,0x00000000e7280000)
  from space 11264K, 99% used [0x00000000e8680000,0x00000000e917eb78,0x00000000e9180000)
  to   space 13312K, 0% used [0x00000000e7780000,0x00000000e7780000,0x00000000e8480000)
 ParOldGen       total 89088K, used 18203K [0x00000000a0000000, 0x00000000a5700000, 0x00000000e0000000)
  object space 89088K, 20% used [0x00000000a0000000,0x00000000a11c6df0,0x00000000a5700000)
 Metaspace       used 51155K, capacity 52416K, committed 52480K, reserved 1093632K
  class space    used 6945K, capacity 7364K, committed 7424K, reserved 1048576K
Event: 12.591 GC heap after
Heap after GC invocations=13 (full 2):
 PSYoungGen      total 135680K, used 11247K [0x00000000e0000000, 0x00000000ead00000, 0x0000000100000000)
  eden space 122368K, 0% used [0x00000000e0000000,0x00000000e0000000,0x00000000e7780000)
  from space 13312K, 84% used [0x00000000e7780000,0x00000000e827bf98,0x00000000e8480000)
  to   space 13824K, 0% used [0x00000000e9f80000,0x00000000e9f80000,0x00000000ead00000)
 ParOldGen       total 89088K, used 25969K [0x00000000a0000000, 0x00000000a5700000, 0x00000000e0000000)
  object space 89088K, 29% used [0x00000000a0000000,0x00000000a195c558,0x00000000a5700000)
 Metaspace       used 51155K, capacity 52416K, committed 52480K, reserved 1093632K
  class space    used 6945K, capacity 7364K, committed 7424K, reserved 1048576K
}

